<?xml version="1.0" encoding="UTF-8"?>
<!-- Generated by org.testng.reporters.JUnitReportReporter -->
<testsuite hostname="DESKTOP-NCHRHGP" failures="0" tests="5" name="Package_TestScripts.TestDataProvider" time="97.290" errors="0" timestamp="2021-08-11T20:11:03 IST" skipped="0">
  <testcase classname="Package_TestScripts.TestDataProvider" name="RegistrationDataCheck" time="18.389"/>
  <system-out/>
  <testcase classname="Package_TestScripts.TestDataProvider" name="RegistrationDataCheck" time="21.581"/>
  <system-out/>
  <testcase classname="Package_TestScripts.TestDataProvider" name="RegistrationDataCheck" time="21.379"/>
  <system-out/>
  <testcase classname="Package_TestScripts.TestDataProvider" name="RegistrationDataCheck" time="17.413"/>
  <system-out/>
  <testcase classname="Package_TestScripts.TestDataProvider" name="RegistrationDataCheck" time="18.528"/>
  <system-out/>
</testsuite> <!-- Package_TestScripts.TestDataProvider -->
